<?xml version="1.0" encoding="UTF-8"?>
<!-- Generated by org.testng.reporters.JUnitReportReporter -->
<testsuite skipped="0" hostname="DESKTOP-G072IJM" name="tests.TestPUTRequest" tests="1" failures="0" timestamp="14 Aug 2019 18:31:09 GMT" time="5.380" errors="0">
  <testcase name="testPUTRequestDetails" time="5.380" classname="tests.TestPUTRequest"/>
</testsuite> <!-- tests.TestPUTRequest -->
