<?xml version="1.0" encoding="UTF-8"?>
<!-- Generated by org.testng.reporters.JUnitReportReporter -->
<testsuite skipped="0" hostname="DESKTOP-G072IJM" name="tests.TestDELETERequest" tests="1" failures="0" timestamp="14 Aug 2019 18:31:09 GMT" time="4.451" errors="0">
  <testcase name="testDELETERequestDetails" time="4.451" classname="tests.TestDELETERequest"/>
</testsuite> <!-- tests.TestDELETERequest -->
